<?xml version="1.0" encoding="UTF-8"?>
<!-- Generated by org.testng.reporters.JUnitReportReporter -->
<testsuite hostname="Ishant" failures="0" tests="3" name="dataProvider.facebook.registration.DDT_FacebookRegistration" time="25.521" errors="0" timestamp="2024-06-22T14:03:56 IST" skipped="0">
  <testcase classname="dataProvider.facebook.registration.DDT_FacebookRegistration" name="facebookRegistration" time="7.498"/>
  <system-out/>
  <testcase classname="dataProvider.facebook.registration.DDT_FacebookRegistration" name="facebookRegistration" time="8.952"/>
  <system-out/>
  <testcase classname="dataProvider.facebook.registration.DDT_FacebookRegistration" name="facebookRegistration" time="9.071"/>
  <system-out/>
</testsuite> <!-- dataProvider.facebook.registration.DDT_FacebookRegistration -->
