<?xml version="1.0" encoding="UTF-8"?>
<!-- Generated by org.testng.reporters.JUnitReportReporter -->
<testsuite hostname="Ishant" failures="0" tests="4" name="test.annotations.parameters.Enable_DisableTestParameter" time="0.009" errors="0" timestamp="2024-06-15T23:53:57 IST" skipped="1">
  <testcase classname="test.annotations.parameters.Enable_DisableTestParameter" name="signUp" time="0.007"/>
  <system-out/>
  <testcase classname="test.annotations.parameters.Enable_DisableTestParameter" name="launch" time="0.001"/>
  <system-out/>
  <testcase classname="test.annotations.parameters.Enable_DisableTestParameter" name="login" time="0.001"/>
  <system-out/>
  <testcase classname="test.annotations.parameters.Enable_DisableTestParameter" name="logout">
    <skipped/>
  </testcase> <!-- logout -->
  <system-out/>
</testsuite> <!-- test.annotations.parameters.Enable_DisableTestParameter -->
