<?xml version="1.0" encoding="UTF-8"?>
<!-- Generated by org.testng.reporters.JUnitReportReporter -->
<testsuite hostname="Ishant" failures="0" tests="1" name="amazon.loginTologout.AmazonWishlist" time="24.063" errors="0" timestamp="2024-06-17T14:52:01 IST" skipped="0">
  <testcase classname="amazon.loginTologout.AmazonWishlist" name="addToWishlist" time="24.063"/>
  <system-out/>
</testsuite> <!-- amazon.loginTologout.AmazonWishlist -->
