<?xml version="1.0" encoding="UTF-8"?>
<!-- Generated by org.testng.reporters.JUnitReportReporter -->
<testsuite hostname="Ishant" failures="0" tests="4" name="test.annotations.parameters.PriorityTestParameter" time="0.013" errors="0" timestamp="2024-06-15T23:46:57 IST" skipped="0">
  <testcase classname="test.annotations.parameters.PriorityTestParameter" name="launch" time="0.008"/>
  <system-out/>
  <testcase classname="test.annotations.parameters.PriorityTestParameter" name="signUp" time="0.001"/>
  <system-out/>
  <testcase classname="test.annotations.parameters.PriorityTestParameter" name="login" time="0.001"/>
  <system-out/>
  <testcase classname="test.annotations.parameters.PriorityTestParameter" name="logout" time="0.003"/>
  <system-out/>
</testsuite> <!-- test.annotations.parameters.PriorityTestParameter -->
