<?xml version="1.0" encoding="UTF-8"?>
<!-- Generated by org.testng.reporters.JUnitReportReporter -->
<testsuite hostname="Ishant" failures="0" tests="1" name="assertAmazon_10Scenario.Assert_TC07" time="8.133" errors="0" timestamp="2024-06-26T17:32:15 IST" skipped="0">
  <testcase classname="assertAmazon_10Scenario.Assert_TC07" name="assertSearchMango" time="8.133"/>
  <system-out/>
</testsuite> <!-- assertAmazon_10Scenario.Assert_TC07 -->
