<?xml version="1.0" encoding="UTF-8"?>
<!-- Generated by org.testng.reporters.JUnitReportReporter -->
<testsuite hostname="Ishant" failures="0" tests="1" name="amazon.loginTologout.AmazonCart" time="29.327" errors="0" timestamp="2024-06-14T12:12:09 IST" skipped="0">
  <testcase classname="amazon.loginTologout.AmazonCart" name="addToCart" time="29.327"/>
  <system-out/>
</testsuite> <!-- amazon.loginTologout.AmazonCart -->
