<?xml version="1.0" encoding="UTF-8"?>
<!-- Generated by org.testng.reporters.JUnitReportReporter -->
<testsuite hostname="Ishant" failures="0" tests="1" name="assertAmazon_10Scenario.Assert_TC06" time="23.409" errors="0" timestamp="2024-06-26T21:39:13 IST" skipped="0">
  <testcase classname="assertAmazon_10Scenario.Assert_TC06" name="assertSelectRedmi" time="23.409"/>
  <system-out/>
</testsuite> <!-- assertAmazon_10Scenario.Assert_TC06 -->
