<?xml version="1.0" encoding="UTF-8"?>
<!-- Generated by org.testng.reporters.JUnitReportReporter -->
<testsuite hostname="Ishant" failures="0" tests="1" name="amazon.scenario.TestCase2" time="27.165" errors="0" timestamp="2024-06-15T23:08:51 IST" skipped="0">
  <testcase classname="amazon.scenario.TestCase2" name="searchToCart" time="27.165"/>
  <system-out/>
</testsuite> <!-- amazon.scenario.TestCase2 -->
