<?xml version="1.0" encoding="UTF-8"?>
<!-- Generated by org.testng.reporters.JUnitReportReporter -->
<testsuite hostname="Ishant" failures="0" tests="5" name="test.annotations.parameters.InvocationCountTestParameter" time="0.020" errors="0" timestamp="2024-06-15T23:55:46 IST" skipped="0">
  <testcase classname="test.annotations.parameters.InvocationCountTestParameter" name="launch" time="0.007"/>
  <system-out/>
  <testcase classname="test.annotations.parameters.InvocationCountTestParameter" name="signUp" time="0.002"/>
  <system-out/>
  <testcase classname="test.annotations.parameters.InvocationCountTestParameter" name="signUp" time="0.001"/>
  <system-out/>
  <testcase classname="test.annotations.parameters.InvocationCountTestParameter" name="login" time="0.010"/>
  <system-out/>
  <testcase classname="test.annotations.parameters.InvocationCountTestParameter" name="logout" time="0.000"/>
  <system-out/>
</testsuite> <!-- test.annotations.parameters.InvocationCountTestParameter -->
