<?xml version="1.0" encoding="UTF-8"?>
<!-- Generated by org.testng.reporters.JUnitReportReporter -->
<testsuite hostname="Ishant" failures="0" tests="1" name="javascriptExecutor.demo.ScrollToElement" time="12.946" errors="0" timestamp="2024-07-09T11:34:41 IST" skipped="0">
  <testcase classname="javascriptExecutor.demo.ScrollToElement" name="flipkart_scrolling" time="12.946"/>
  <system-out/>
</testsuite> <!-- javascriptExecutor.demo.ScrollToElement -->
