<?xml version="1.0" encoding="UTF-8"?>
<!-- Generated by org.testng.reporters.JUnitReportReporter -->
<testsuite hostname="Ishant" failures="0" tests="1" name="test_annotations.AnnotationTypes" time="0.005" errors="0" timestamp="2024-06-14T15:39:01 IST" skipped="0">
  <testcase classname="test_annotations.AnnotationTypes" name="test" time="0.005"/>
  <system-out/>
</testsuite> <!-- test_annotations.AnnotationTypes -->
