<?xml version="1.0" encoding="UTF-8"?>
<!-- Generated by org.testng.reporters.JUnitReportReporter -->
<testsuite hostname="Ishant" failures="0" tests="1" name="amazon.loginTologout.AmazonLogin" time="16.435" errors="0" timestamp="2024-06-24T22:17:56 IST" skipped="0">
  <testcase classname="amazon.loginTologout.AmazonLogin" name="login" time="16.435"/>
  <system-out/>
</testsuite> <!-- amazon.loginTologout.AmazonLogin -->
