<?xml version="1.0" encoding="UTF-8"?>
<!-- Generated by org.testng.reporters.JUnitReportReporter -->
<testsuite hostname="Ishant" failures="0" tests="1" name="timeouts.TimeOutsDemo" time="7.436" errors="0" timestamp="2024-07-01T19:15:52 IST" skipped="0">
  <testcase classname="timeouts.TimeOutsDemo" name="launchAmazon" time="7.436"/>
  <system-out/>
</testsuite> <!-- timeouts.TimeOutsDemo -->
