<?xml version="1.0" encoding="UTF-8"?>
<!-- Generated by org.testng.reporters.JUnitReportReporter -->
<testsuite hostname="Ishant" failures="0" tests="1" name="amazon.loginTologout.AmazonLogin" time="7.926" errors="0" timestamp="2024-06-15T12:20:32 IST" skipped="0">
  <testcase classname="amazon.loginTologout.AmazonLogin" name="login" time="7.926"/>
  <system-out/>
</testsuite> <!-- amazon.loginTologout.AmazonLogin -->
