<?xml version="1.0" encoding="UTF-8"?>
<!-- Generated by org.testng.reporters.JUnitReportReporter -->
<testsuite hostname="Ishant" failures="0" tests="2" name="test_annotations.AnnotationTypes" time="0.018" errors="0" timestamp="2024-06-15T23:40:33 IST" skipped="0">
  <testcase classname="test_annotations.AnnotationTypes" name="test1" time="0.017"/>
  <system-out/>
  <testcase classname="test_annotations.AnnotationTypes" name="test2" time="0.001"/>
  <system-out/>
</testsuite> <!-- test_annotations.AnnotationTypes -->
