<?xml version="1.0" encoding="UTF-8"?>
<!-- Generated by org.testng.reporters.JUnitReportReporter -->
<testsuite hostname="Ishant" failures="0" tests="1" name="assertAmazon_10Scenario.Assert_TC03" time="17.834" errors="0" timestamp="2024-06-26T19:58:04 IST" skipped="0">
  <testcase classname="assertAmazon_10Scenario.Assert_TC03" name="assertSearchMouse" time="17.834"/>
  <system-out/>
</testsuite> <!-- assertAmazon_10Scenario.Assert_TC03 -->
