<?xml version="1.0" encoding="UTF-8"?>
<!-- Generated by org.testng.reporters.JUnitReportReporter -->
<testsuite hostname="Ishant" failures="0" tests="1" name="test_ng.Test_NG" time="0.686" errors="0" timestamp="2024-06-13T17:59:24 IST" skipped="0">
  <testcase classname="test_ng.Test_NG" name="add" time="0.686"/>
  <system-out/>
</testsuite> <!-- test_ng.Test_NG -->
