<?xml version="1.0" encoding="UTF-8"?>
<!-- Generated by org.testng.reporters.JUnitReportReporter -->
<testsuite hostname="Ishant" failures="0" tests="3" name="amazon.ten.scenarios.TC1" time="109.510" errors="0" timestamp="2024-06-20T20:03:28 IST" skipped="0">
  <testcase classname="amazon.ten.scenarios.TC1" name="selectShoe" time="29.758"/>
  <system-out/>
  <testcase classname="amazon.ten.scenarios.TC1" name="selectShoe" time="40.322"/>
  <system-out/>
  <testcase classname="amazon.ten.scenarios.TC1" name="selectShoe" time="39.430"/>
  <system-out/>
</testsuite> <!-- amazon.ten.scenarios.TC1 -->
