<?xml version="1.0" encoding="UTF-8"?>
<!-- Generated by org.testng.reporters.JUnitReportReporter -->
<testsuite hostname="Ishant" failures="0" tests="3" name="grouping.basic.GroupingTestBasic" time="0.009" errors="0" timestamp="2024-06-21T15:40:19 IST" skipped="0">
  <testcase classname="grouping.basic.GroupingTestBasic" name="test5" time="0.001"/>
  <system-out/>
  <testcase classname="grouping.basic.GroupingTestBasic" name="test2" time="0.006"/>
  <system-out/>
  <testcase classname="grouping.basic.GroupingTestBasic" name="test4" time="0.002"/>
  <system-out/>
</testsuite> <!-- grouping.basic.GroupingTestBasic -->
