<?xml version="1.0" encoding="UTF-8"?>
<!-- Generated by org.testng.reporters.JUnitReportReporter -->
<testsuite hostname="Ishant" failures="0" tests="3" name="parallel.testing.GoogleSearch" time="36.317" errors="0" timestamp="2024-06-19T20:45:15 IST" skipped="0">
  <testcase classname="parallel.testing.GoogleSearch" name="testcase1" time="8.118"/>
  <system-out/>
  <testcase classname="parallel.testing.GoogleSearch" name="testcase1" time="22.408"/>
  <system-out/>
  <testcase classname="parallel.testing.GoogleSearch" name="testcase1" time="5.791"/>
  <system-out/>
</testsuite> <!-- parallel.testing.GoogleSearch -->
