<?xml version="1.0" encoding="UTF-8"?>
<!-- Generated by org.testng.reporters.JUnitReportReporter -->
<testsuite hostname="Ishant" failures="0" tests="3" name="cross.testing.GoogleSearch" time="26.568" errors="0" timestamp="2024-06-25T19:38:47 IST" skipped="0">
  <testcase classname="cross.testing.GoogleSearch" name="testcase1" time="5.515"/>
  <system-out/>
  <testcase classname="cross.testing.GoogleSearch" name="testcase1" time="17.010"/>
  <system-out/>
  <testcase classname="cross.testing.GoogleSearch" name="testcase1" time="4.043"/>
  <system-out/>
</testsuite> <!-- cross.testing.GoogleSearch -->
