<?xml version="1.0" encoding="UTF-8"?>
<!-- Generated by org.testng.reporters.JUnitReportReporter -->
<testsuite hostname="Ishant" failures="0" tests="1" name="amazon.scenario.TestCase1" time="29.291" errors="0" timestamp="2024-06-15T23:08:51 IST" skipped="0">
  <testcase classname="amazon.scenario.TestCase1" name="search" time="29.291"/>
  <system-out/>
</testsuite> <!-- amazon.scenario.TestCase1 -->
