<?xml version="1.0" encoding="UTF-8"?>
<!-- Generated by org.testng.reporters.JUnitReportReporter -->
<testsuite hostname="Ishant" failures="0" tests="5" name="dataProvider.amazon.DataProviderAmazon" time="26.674" errors="0" timestamp="2024-06-21T19:59:39 IST" skipped="0">
  <testcase classname="dataProvider.amazon.DataProviderAmazon" name="amazonLogin" time="6.072"/>
  <system-out/>
  <testcase classname="dataProvider.amazon.DataProviderAmazon" name="amazonLogin" time="4.459"/>
  <system-out/>
  <testcase classname="dataProvider.amazon.DataProviderAmazon" name="amazonLogin" time="5.019"/>
  <system-out/>
  <testcase classname="dataProvider.amazon.DataProviderAmazon" name="amazonLogin" time="5.093"/>
  <system-out/>
  <testcase classname="dataProvider.amazon.DataProviderAmazon" name="amazonLogin" time="6.031"/>
  <system-out/>
</testsuite> <!-- dataProvider.amazon.DataProviderAmazon -->
