<?xml version="1.0" encoding="UTF-8"?>
<!-- Generated by org.testng.reporters.JUnitReportReporter -->
<testsuite hostname="Ishant" failures="0" tests="1" name="grouping.basic.GroupingWithExcludeTag" time="0.009" errors="0" timestamp="2024-06-21T18:58:41 IST" skipped="0">
  <testcase classname="grouping.basic.GroupingWithExcludeTag" name="test11" time="0.009"/>
  <system-out/>
</testsuite> <!-- grouping.basic.GroupingWithExcludeTag -->
