<?xml version="1.0" encoding="UTF-8"?>
<!-- Generated by org.testng.reporters.JUnitReportReporter -->
<testsuite hostname="Ishant" failures="0" tests="1" name="amazon.loginTologout.AmazonLogout" time="38.546" errors="0" timestamp="2024-06-14T12:12:09 IST" skipped="0">
  <testcase classname="amazon.loginTologout.AmazonLogout" name="logout" time="38.546"/>
  <system-out/>
</testsuite> <!-- amazon.loginTologout.AmazonLogout -->
