<?xml version="1.0" encoding="UTF-8"?>
<!-- Generated by org.testng.reporters.JUnitReportReporter -->
<testsuite hostname="Ishant" failures="0" tests="1" name="amazonAssert.AmazonTitleAssert" time="12.773" errors="0" timestamp="2024-06-24T22:43:50 IST" skipped="0">
  <testcase classname="amazonAssert.AmazonTitleAssert" name="login" time="12.773"/>
  <system-out/>
</testsuite> <!-- amazonAssert.AmazonTitleAssert -->
