<?xml version="1.0" encoding="UTF-8"?>
<!-- Generated by org.testng.reporters.JUnitReportReporter -->
<testsuite hostname="Ishant" failures="0" tests="3" name="dataProvider.facebook.registration.FacebookRegistration" time="42.370" errors="0" timestamp="2024-06-22T14:03:56 IST" skipped="0">
  <testcase classname="dataProvider.facebook.registration.FacebookRegistration" name="facebookRegistration" time="18.814"/>
  <system-out/>
  <testcase classname="dataProvider.facebook.registration.FacebookRegistration" name="facebookRegistration" time="14.141"/>
  <system-out/>
  <testcase classname="dataProvider.facebook.registration.FacebookRegistration" name="facebookRegistration" time="9.415"/>
  <system-out/>
</testsuite> <!-- dataProvider.facebook.registration.FacebookRegistration -->
