<?xml version="1.0" encoding="UTF-8"?>
<!-- Generated by org.testng.reporters.JUnitReportReporter -->
<testsuite hostname="Ishant" failures="0" tests="3" name="dataProvider.facebook.registration.DDT_FacebookRegistration" time="31.920" errors="0" timestamp="2024-06-24T18:41:23 IST" skipped="0">
  <testcase classname="dataProvider.facebook.registration.DDT_FacebookRegistration" name="facebookRegistration" time="11.348"/>
  <system-out/>
  <testcase classname="dataProvider.facebook.registration.DDT_FacebookRegistration" name="facebookRegistration" time="11.619"/>
  <system-out/>
  <testcase classname="dataProvider.facebook.registration.DDT_FacebookRegistration" name="facebookRegistration" time="8.953"/>
  <system-out/>
</testsuite> <!-- dataProvider.facebook.registration.DDT_FacebookRegistration -->
