<?xml version="1.0" encoding="UTF-8"?>
<!-- Generated by org.testng.reporters.JUnitReportReporter -->
<testsuite hostname="Ishant" failures="0" tests="1" name="assertAmazon_10Scenario.Assert_TC09" time="28.196" errors="0" timestamp="2024-06-26T21:39:13 IST" skipped="0">
  <testcase classname="assertAmazon_10Scenario.Assert_TC09" name="assertDeals" time="28.196"/>
  <system-out/>
</testsuite> <!-- assertAmazon_10Scenario.Assert_TC09 -->
