<?xml version="1.0" encoding="UTF-8"?>
<!-- Generated by org.testng.reporters.JUnitReportReporter -->
<testsuite hostname="Ishant" failures="0" tests="3" name="amazon.ten.scenarios.TC3" time="175.936" errors="0" timestamp="2024-06-20T20:03:28 IST" skipped="0">
  <testcase classname="amazon.ten.scenarios.TC3" name="searchMouse" time="58.768"/>
  <system-out/>
  <testcase classname="amazon.ten.scenarios.TC3" name="searchMouse" time="63.220"/>
  <system-out/>
  <testcase classname="amazon.ten.scenarios.TC3" name="searchMouse" time="53.948"/>
  <system-out/>
</testsuite> <!-- amazon.ten.scenarios.TC3 -->
