<?xml version="1.0" encoding="UTF-8"?>
<!-- Generated by org.testng.reporters.JUnitReportReporter -->
<testsuite hostname="Ishant" failures="0" tests="3" name="amazon.parallel.ten.scenarios.TC1" time="99.098" errors="0" timestamp="2024-06-26T11:36:19 IST" skipped="0">
  <testcase classname="amazon.parallel.ten.scenarios.TC1" name="selectShoe" time="34.840"/>
  <system-out/>
  <testcase classname="amazon.parallel.ten.scenarios.TC1" name="selectShoe" time="32.413"/>
  <system-out/>
  <testcase classname="amazon.parallel.ten.scenarios.TC1" name="selectShoe" time="31.845"/>
  <system-out/>
</testsuite> <!-- amazon.parallel.ten.scenarios.TC1 -->
