<?xml version="1.0" encoding="UTF-8"?>
<!-- Generated by org.testng.reporters.JUnitReportReporter -->
<testsuite hostname="Ishant" failures="0" tests="1" name="amazon.loginTologout.AmazonSearch" time="14.825" errors="0" timestamp="2024-06-15T12:20:32 IST" skipped="0">
  <testcase classname="amazon.loginTologout.AmazonSearch" name="searchItem" time="14.825"/>
  <system-out/>
</testsuite> <!-- amazon.loginTologout.AmazonSearch -->
