<?xml version="1.0" encoding="UTF-8"?>
<!-- Generated by org.testng.reporters.JUnitReportReporter -->
<testsuite hostname="Ishant" failures="0" tests="1" name="assertAmazon_10Scenario.Assert_TC10" time="12.447" errors="0" timestamp="2024-06-26T17:32:15 IST" skipped="0">
  <testcase classname="assertAmazon_10Scenario.Assert_TC10" name="assertSearchShoe" time="12.447"/>
  <system-out/>
</testsuite> <!-- assertAmazon_10Scenario.Assert_TC10 -->
