<?xml version="1.0" encoding="UTF-8"?>
<!-- Generated by org.testng.reporters.JUnitReportReporter -->
<testsuite hostname="Ishant" failures="0" tests="8" name="dataProvider.basic.DataProvider_Basic" time="0.015" errors="0" timestamp="2024-06-21T19:17:27 IST" skipped="0">
  <testcase classname="dataProvider.basic.DataProvider_Basic" name="test2" time="0.001"/>
  <system-out/>
  <testcase classname="dataProvider.basic.DataProvider_Basic" name="test1" time="0.001"/>
  <system-out/>
  <testcase classname="dataProvider.basic.DataProvider_Basic" name="test2" time="0.001"/>
  <system-out/>
  <testcase classname="dataProvider.basic.DataProvider_Basic" name="test1" time="0.006"/>
  <system-out/>
  <testcase classname="dataProvider.basic.DataProvider_Basic" name="test2" time="0.003"/>
  <system-out/>
  <testcase classname="dataProvider.basic.DataProvider_Basic" name="test1" time="0.001"/>
  <system-out/>
  <testcase classname="dataProvider.basic.DataProvider_Basic" name="test1" time="0.001"/>
  <system-out/>
  <testcase classname="dataProvider.basic.DataProvider_Basic" name="test2" time="0.001"/>
  <system-out/>
</testsuite> <!-- dataProvider.basic.DataProvider_Basic -->
