<?xml version="1.0" encoding="UTF-8"?>
<!-- Generated by org.testng.reporters.JUnitReportReporter -->
<testsuite hostname="Ishant" failures="0" tests="1" name="assertAmazon_10Scenario.Assert_TC04" time="9.654" errors="0" timestamp="2024-06-26T17:32:15 IST" skipped="0">
  <testcase classname="assertAmazon_10Scenario.Assert_TC04" name="assertSearchMobileCover" time="9.654"/>
  <system-out/>
</testsuite> <!-- assertAmazon_10Scenario.Assert_TC04 -->
