<?xml version="1.0" encoding="UTF-8"?>
<!-- Generated by org.testng.reporters.JUnitReportReporter -->
<testsuite hostname="Ishant" failures="0" tests="1" name="amazonAssert.AmazonPagesAssert" time="9.252" errors="0" timestamp="2024-06-24T23:30:45 IST" skipped="0">
  <testcase classname="amazonAssert.AmazonPagesAssert" name="testPages" time="9.252"/>
  <system-out/>
</testsuite> <!-- amazonAssert.AmazonPagesAssert -->
