<?xml version="1.0" encoding="UTF-8"?>
<!-- Generated by org.testng.reporters.JUnitReportReporter -->
<testsuite hostname="Ishant" failures="0" tests="3" name="dataProvider.facebook.registration.FacebookRegistration" time="39.839" errors="0" timestamp="2024-06-22T13:51:19 IST" skipped="0">
  <testcase classname="dataProvider.facebook.registration.FacebookRegistration" name="facebookRegistration" time="9.334"/>
  <system-out/>
  <testcase classname="dataProvider.facebook.registration.FacebookRegistration" name="facebookRegistration" time="14.207"/>
  <system-out/>
  <testcase classname="dataProvider.facebook.registration.FacebookRegistration" name="facebookRegistration" time="16.298"/>
  <system-out/>
</testsuite> <!-- dataProvider.facebook.registration.FacebookRegistration -->
