<?xml version="1.0" encoding="UTF-8"?>
<!-- Generated by org.testng.reporters.JUnitReportReporter -->
<testsuite hostname="Ishant" failures="0" tests="3" name="amazon.ten.scenarios.TC2" time="116.747" errors="0" timestamp="2024-06-20T20:03:28 IST" skipped="0">
  <testcase classname="amazon.ten.scenarios.TC2" name="searchMobile" time="47.984"/>
  <system-out/>
  <testcase classname="amazon.ten.scenarios.TC2" name="searchMobile" time="36.470"/>
  <system-out/>
  <testcase classname="amazon.ten.scenarios.TC2" name="searchMobile" time="32.293"/>
  <system-out/>
</testsuite> <!-- amazon.ten.scenarios.TC2 -->
