<?xml version="1.0" encoding="UTF-8"?>
<!-- Generated by org.testng.reporters.JUnitReportReporter -->
<testsuite hostname="Ishant" failures="0" tests="3" name="dataProvider.facebook.registration.FacebookRegistration" time="57.287" errors="0" timestamp="2024-06-24T18:41:23 IST" skipped="0">
  <testcase classname="dataProvider.facebook.registration.FacebookRegistration" name="facebookRegistration" time="16.451"/>
  <system-out/>
  <testcase classname="dataProvider.facebook.registration.FacebookRegistration" name="facebookRegistration" time="25.808"/>
  <system-out/>
  <testcase classname="dataProvider.facebook.registration.FacebookRegistration" name="facebookRegistration" time="15.028"/>
  <system-out/>
</testsuite> <!-- dataProvider.facebook.registration.FacebookRegistration -->
