<?xml version="1.0" encoding="UTF-8"?>
<!-- Generated by org.testng.reporters.JUnitReportReporter -->
<testsuite hostname="Ishant" failures="0" tests="1" name="assertAmazon_10Scenario.Assert_TC04" time="12.223" errors="0" timestamp="2024-06-26T19:58:04 IST" skipped="0">
  <testcase classname="assertAmazon_10Scenario.Assert_TC04" name="assertSearchMobileCover" time="12.223"/>
  <system-out/>
</testsuite> <!-- assertAmazon_10Scenario.Assert_TC04 -->
