<?xml version="1.0" encoding="UTF-8"?>
<!-- Generated by org.testng.reporters.JUnitReportReporter -->
<testsuite hostname="Ishant" failures="0" tests="3" name="cross.testing.FlipkartSearch" time="51.573" errors="0" timestamp="2024-06-19T21:31:10 IST" skipped="0">
  <testcase classname="cross.testing.FlipkartSearch" name="search" time="17.436"/>
  <system-out/>
  <testcase classname="cross.testing.FlipkartSearch" name="search" time="18.847"/>
  <system-out/>
  <testcase classname="cross.testing.FlipkartSearch" name="search" time="15.290"/>
  <system-out/>
</testsuite> <!-- cross.testing.FlipkartSearch -->
