<?xml version="1.0" encoding="UTF-8"?>
<!-- Generated by org.testng.reporters.JUnitReportReporter -->
<testsuite hostname="Ishant" failures="0" tests="1" name="amazonAssert.AmazonPagesAssert" time="8.043" errors="0" timestamp="2024-06-25T19:32:45 IST" skipped="0">
  <testcase classname="amazonAssert.AmazonPagesAssert" name="testPages" time="8.043"/>
  <system-out/>
</testsuite> <!-- amazonAssert.AmazonPagesAssert -->
