<?xml version="1.0" encoding="UTF-8"?>
<!-- Generated by org.testng.reporters.JUnitReportReporter -->
<testsuite hostname="Ishant" failures="0" tests="1" name="dummy.contactListApp.TestClass" time="11.696" errors="0" timestamp="2024-06-29T13:09:51 IST" skipped="0">
  <testcase classname="dummy.contactListApp.TestClass" name="testCase1" time="11.696"/>
  <system-out/>
</testsuite> <!-- dummy.contactListApp.TestClass -->
