<?xml version="1.0" encoding="UTF-8"?>
<!-- Generated by org.testng.reporters.JUnitReportReporter -->
<testsuite hostname="Ishant" failures="0" tests="3" name="cross.testing.GoogleSearch" time="42.221" errors="0" timestamp="2024-06-19T21:31:10 IST" skipped="0">
  <testcase classname="cross.testing.GoogleSearch" name="testcase1" time="9.402"/>
  <system-out/>
  <testcase classname="cross.testing.GoogleSearch" name="testcase1" time="8.169"/>
  <system-out/>
  <testcase classname="cross.testing.GoogleSearch" name="testcase1" time="24.650"/>
  <system-out/>
</testsuite> <!-- cross.testing.GoogleSearch -->
