<?xml version="1.0" encoding="UTF-8"?>
<!-- Generated by org.testng.reporters.JUnitReportReporter -->
<testsuite hostname="Ishant" failures="0" tests="1" name="assertAmazon_10Scenario.Assert_TC02" time="16.328" errors="0" timestamp="2024-06-26T19:58:04 IST" skipped="0">
  <testcase classname="assertAmazon_10Scenario.Assert_TC02" name="assertSearchMobile" time="16.328"/>
  <system-out/>
</testsuite> <!-- assertAmazon_10Scenario.Assert_TC02 -->
