<?xml version="1.0" encoding="UTF-8"?>
<!-- Generated by org.testng.reporters.JUnitReportReporter -->
<testsuite hostname="Ishant" failures="0" tests="1" name="amazon.loginTologout.AmazonLogout" time="22.472" errors="0" timestamp="2024-06-15T18:50:10 IST" skipped="0">
  <testcase classname="amazon.loginTologout.AmazonLogout" name="logout" time="22.472"/>
  <system-out/>
</testsuite> <!-- amazon.loginTologout.AmazonLogout -->
