<?xml version="1.0" encoding="UTF-8"?>
<!-- Generated by org.testng.reporters.JUnitReportReporter -->
<testsuite hostname="Ishant" failures="0" tests="3" name="cross.testing.FlipkartSearch" time="39.955" errors="0" timestamp="2024-06-25T19:38:47 IST" skipped="0">
  <testcase classname="cross.testing.FlipkartSearch" name="search" time="14.649"/>
  <system-out/>
  <testcase classname="cross.testing.FlipkartSearch" name="search" time="11.917"/>
  <system-out/>
  <testcase classname="cross.testing.FlipkartSearch" name="search" time="13.389"/>
  <system-out/>
</testsuite> <!-- cross.testing.FlipkartSearch -->
