<?xml version="1.0" encoding="UTF-8"?>
<!-- Generated by org.testng.reporters.JUnitReportReporter -->
<testsuite hostname="Ishant" failures="0" tests="1" name="amazon.loginTologout.AmazonCart" time="25.942" errors="0" timestamp="2024-06-17T14:52:01 IST" skipped="0">
  <testcase classname="amazon.loginTologout.AmazonCart" name="addToCart" time="25.942"/>
  <system-out/>
</testsuite> <!-- amazon.loginTologout.AmazonCart -->
