<?xml version="1.0" encoding="UTF-8"?>
<!-- Generated by org.testng.reporters.JUnitReportReporter -->
<testsuite hostname="Ishant" failures="0" tests="3" name="parallel.testing.FlipkartSearch" time="109.644" errors="0" timestamp="2024-06-19T20:45:15 IST" skipped="0">
  <testcase classname="parallel.testing.FlipkartSearch" name="search" time="34.461"/>
  <system-out/>
  <testcase classname="parallel.testing.FlipkartSearch" name="search" time="38.507"/>
  <system-out/>
  <testcase classname="parallel.testing.FlipkartSearch" name="search" time="36.676"/>
  <system-out/>
</testsuite> <!-- parallel.testing.FlipkartSearch -->
