<?xml version="1.0" encoding="UTF-8"?>
<!-- Generated by org.testng.reporters.JUnitReportReporter -->
<testsuite hostname="Ishant" failures="0" tests="3" name="dataProvider.facebook.registration.DDT_FacebookRegistration" time="35.565" errors="0" timestamp="2024-06-22T13:51:19 IST" skipped="0">
  <testcase classname="dataProvider.facebook.registration.DDT_FacebookRegistration" name="facebookRegistration" time="10.289"/>
  <system-out/>
  <testcase classname="dataProvider.facebook.registration.DDT_FacebookRegistration" name="facebookRegistration" time="13.605"/>
  <system-out/>
  <testcase classname="dataProvider.facebook.registration.DDT_FacebookRegistration" name="facebookRegistration" time="11.671"/>
  <system-out/>
</testsuite> <!-- dataProvider.facebook.registration.DDT_FacebookRegistration -->
